# JRE version: Java(TM) SE Runtime Environment (8.0_60-b27) (build 1.8.0_60-b27)
# Java VM: Java HotSpot(TM) 64-Bit Server VM (25.60-b23 mixed mode windows-amd64 compressed oops)
Heap:
 PSYoungGen      total 79872K, used 20112K [0x00000000eb200000, 0x00000000f0d80000, 0x0000000100000000)
  eden space 73728K, 18% used [0x00000000eb200000,0x00000000ebfa6970,0x00000000efa00000)
  from space 6144K, 99% used [0x00000000f0780000,0x00000000f0d7d910,0x00000000f0d80000)
  to   space 4608K, 0% used [0x00000000f0300000,0x00000000f0300000,0x00000000f0780000)
 ParOldGen       total 52224K, used 8441K [0x00000000c1600000, 0x00000000c4900000, 0x00000000eb200000)
  object space 52224K, 16% used [0x00000000c1600000,0x00000000c1e3e488,0x00000000c4900000)
 Metaspace       used 30729K, capacity 32592K, committed 32896K, reserved 1079296K
  class space    used 4054K, capacity 4418K, committed 4480K, reserved 1048576K
GC Heap History (10 events):
Event: 24.216 GC heap before
{Heap before GC invocations=10 (full 1):
 PSYoungGen      total 68096K, used 5151K [0x00000000eb200000, 0x00000000f3e00000, 0x0000000100000000)
  eden space 62976K, 8% used [0x00000000eb200000,0x00000000eb707c80,0x00000000eef80000)
  from space 5120K, 0% used [0x00000000ef700000,0x00000000ef700000,0x00000000efc00000)
  to   space 7680K, 0% used [0x00000000eef80000,0x00000000eef80000,0x00000000ef700000)
 ParOldGen       total 34304K, used 8810K [0x00000000c1600000, 0x00000000c3780000, 0x00000000eb200000)
  object space 34304K, 25% used [0x00000000c1600000,0x00000000c1e9ab28,0x00000000c3780000)
 Metaspace       used 20663K, capacity 21666K, committed 21760K, reserved 1073152K
  class space    used 2742K, capacity 2989K, committed 3072K, reserved 1048576K
Event: 24.221 GC heap after
Heap after GC invocations=10 (full 1):
 PSYoungGen      total 70656K, used 574K [0x00000000eb200000, 0x00000000f1500000, 0x0000000100000000)
  eden space 62976K, 0% used [0x00000000eb200000,0x00000000eb200000,0x00000000eef80000)
  from space 7680K, 7% used [0x00000000eef80000,0x00000000ef00fad8,0x00000000ef700000)
  to   space 8192K, 0% used [0x00000000f0d00000,0x00000000f0d00000,0x00000000f1500000)
 ParOldGen       total 34304K, used 8818K [0x00000000c1600000, 0x00000000c3780000, 0x00000000eb200000)
  object space 34304K, 25% used [0x00000000c1600000,0x00000000c1e9cb28,0x00000000c3780000)
 Metaspace       used 20663K, capacity 21666K, committed 21760K, reserved 1073152K
  class space    used 2742K, capacity 2989K, committed 3072K, reserved 1048576K
}
Event: 24.222 GC heap before
{Heap before GC invocations=11 (full 2):
 PSYoungGen      total 70656K, used 574K [0x00000000eb200000, 0x00000000f1500000, 0x0000000100000000)
  eden space 62976K, 0% used [0x00000000eb200000,0x00000000eb200000,0x00000000eef80000)
  from space 7680K, 7% used [0x00000000eef80000,0x00000000ef00fad8,0x00000000ef700000)
  to   space 8192K, 0% used [0x00000000f0d00000,0x00000000f0d00000,0x00000000f1500000)
 ParOldGen       total 34304K, used 8818K [0x00000000c1600000, 0x00000000c3780000, 0x00000000eb200000)
  object space 34304K, 25% used [0x00000000c1600000,0x00000000c1e9cb28,0x00000000c3780000)
 Metaspace       used 20663K, capacity 21666K, committed 21760K, reserved 1073152K
  class space    used 2742K, capacity 2989K, committed 3072K, reserved 1048576K
Event: 24.405 GC heap after
Heap after GC invocations=11 (full 2):
 PSYoungGen      total 70656K, used 0K [0x00000000eb200000, 0x00000000f1500000, 0x0000000100000000)
  eden space 62976K, 0% used [0x00000000eb200000,0x00000000eb200000,0x00000000eef80000)
  from space 7680K, 0% used [0x00000000eef80000,0x00000000eef80000,0x00000000ef700000)
  to   space 8192K, 0% used [0x00000000f0d00000,0x00000000f0d00000,0x00000000f1500000)
 ParOldGen       total 52224K, used 6807K [0x00000000c1600000, 0x00000000c4900000, 0x00000000eb200000)
  object space 52224K, 13% used [0x00000000c1600000,0x00000000c1ca5de0,0x00000000c4900000)
 Metaspace       used 20663K, capacity 21666K, committed 21760K, reserved 1071104K
  class space    used 2742K, capacity 2989K, committed 3072K, reserved 1048576K
}
Event: 29.644 GC heap before
{Heap before GC invocations=12 (full 2):
 PSYoungGen      total 70656K, used 62976K [0x00000000eb200000, 0x00000000f1500000, 0x0000000100000000)
  eden space 62976K, 100% used [0x00000000eb200000,0x00000000eef80000,0x00000000eef80000)
  from space 7680K, 0% used [0x00000000eef80000,0x00000000eef80000,0x00000000ef700000)
  to   space 8192K, 0% used [0x00000000f0d00000,0x00000000f0d00000,0x00000000f1500000)
 ParOldGen       total 52224K, used 6807K [0x00000000c1600000, 0x00000000c4900000, 0x00000000eb200000)
  object space 52224K, 13% used [0x00000000c1600000,0x00000000c1ca5de0,0x00000000c4900000)
 Metaspace       used 25237K, capacity 26986K, committed 27136K, reserved 1075200K
  class space    used 3433K, capacity 3777K, committed 3840K, reserved 1048576K
Event: 29.719 GC heap after
Heap after GC invocations=12 (full 2):
 PSYoungGen      total 75264K, used 7042K [0x00000000eb200000, 0x00000000f1400000, 0x0000000100000000)
  eden space 68096K, 0% used [0x00000000eb200000,0x00000000eb200000,0x00000000ef480000)
  from space 7168K, 98% used [0x00000000f0d00000,0x00000000f13e0b18,0x00000000f1400000)
  to   space 8704K, 0% used [0x00000000f0300000,0x00000000f0300000,0x00000000f0b80000)
 ParOldGen       total 52224K, used 6815K [0x00000000c1600000, 0x00000000c4900000, 0x00000000eb200000)
  object space 52224K, 13% used [0x00000000c1600000,0x00000000c1ca7de0,0x00000000c4900000)
 Metaspace       used 25237K, capacity 26986K, committed 27136K, reserved 1075200K
  class space    used 3433K, capacity 3777K, committed 3840K, reserved 1048576K
}
Event: 30.513 GC heap before
{Heap before GC invocations=13 (full 2):
 PSYoungGen      total 75264K, used 75136K [0x00000000eb200000, 0x00000000f1400000, 0x0000000100000000)
  eden space 68096K, 99% used [0x00000000eb200000,0x00000000ef47f870,0x00000000ef480000)
  from space 7168K, 98% used [0x00000000f0d00000,0x00000000f13e0b18,0x00000000f1400000)
  to   space 8704K, 0% used [0x00000000f0300000,0x00000000f0300000,0x00000000f0b80000)
 ParOldGen       total 52224K, used 6815K [0x00000000c1600000, 0x00000000c4900000, 0x00000000eb200000)
  object space 52224K, 13% used [0x00000000c1600000,0x00000000c1ca7de0,0x00000000c4900000)
 Metaspace       used 25638K, capacity 27336K, committed 27648K, reserved 1075200K
  class space    used 3469K, capacity 3782K, committed 3840K, reserved 1048576K
Event: 30.537 GC heap after
Heap after GC invocations=13 (full 2):
 PSYoungGen      total 78336K, used 4371K [0x00000000eb200000, 0x00000000f0d80000, 0x0000000100000000)
  eden space 73728K, 0% used [0x00000000eb200000,0x00000000eb200000,0x00000000efa00000)
  from space 4608K, 94% used [0x00000000f0300000,0x00000000f0744e60,0x00000000f0780000)
  to   space 6144K, 0% used [0x00000000f0780000,0x00000000f0780000,0x00000000f0d80000)
 ParOldGen       total 52224K, used 6815K [0x00000000c1600000, 0x00000000c4900000, 0x00000000eb200000)
  object space 52224K, 13% used [0x00000000c1600000,0x00000000c1ca7de0,0x00000000c4900000)
 Metaspace       used 25638K, capacity 27336K, committed 27648K, reserved 1075200K
  class space    used 3469K, capacity 3782K, committed 3840K, reserved 1048576K
}
Event: 32.729 GC heap before
{Heap before GC invocations=14 (full 2):
 PSYoungGen      total 78336K, used 78099K [0x00000000eb200000, 0x00000000f0d80000, 0x0000000100000000)
  eden space 73728K, 100% used [0x00000000eb200000,0x00000000efa00000,0x00000000efa00000)
  from space 4608K, 94% used [0x00000000f0300000,0x00000000f0744e60,0x00000000f0780000)
  to   space 6144K, 0% used [0x00000000f0780000,0x00000000f0780000,0x00000000f0d80000)
 ParOldGen       total 52224K, used 6815K [0x00000000c1600000, 0x00000000c4900000, 0x00000000eb200000)
  object space 52224K, 13% used [0x00000000c1600000,0x00000000c1ca7de0,0x00000000c4900000)
 Metaspace       used 28080K, capacity 29934K, committed 30080K, reserved 1077248K
  class space    used 3765K, capacity 4113K, committed 4224K, reserved 1048576K
Event: 32.773 GC heap after
Heap after GC invocations=14 (full 2):
 PSYoungGen      total 79872K, used 6134K [0x00000000eb200000, 0x00000000f0d80000, 0x0000000100000000)
  eden space 73728K, 0% used [0x00000000eb200000,0x00000000eb200000,0x00000000efa00000)
  from space 6144K, 99% used [0x00000000f0780000,0x00000000f0d7d910,0x00000000f0d80000)
  to   space 4608K, 0% used [0x00000000f0300000,0x00000000f0300000,0x00000000f0780000)
 ParOldGen       total 52224K, used 8441K [0x00000000c1600000, 0x00000000c4900000, 0x00000000eb200000)
  object space 52224K, 16% used [0x00000000c1600000,0x00000000c1e3e488,0x00000000c4900000)
 Metaspace       used 28080K, capacity 29934K, committed 30080K, reserved 1077248K
  class space    used 3765K, capacity 4113K, committed 4224K, reserved 1048576K
}

